0 info it worked if it ends with ok
1 verbose cli [ '/Users/ymoregola/.nvm/versions/node/v6.2.1/bin/node',
1 verbose cli   '/Users/ymoregola/.nvm/versions/node/v6.2.1/bin/npm',
1 verbose cli   'i' ]
2 info using npm@3.9.3
3 info using node@v6.2.1
4 silly loadCurrentTree Starting
5 silly install loadCurrentTree
6 silly install readLocalPackageData
7 silly install normalizeTree
8 silly loadCurrentTree Finishing
9 silly loadIdealTree Starting
10 silly install loadIdealTree
11 silly cloneCurrentTree Starting
12 silly install cloneCurrentTreeToIdealTree
13 silly cloneCurrentTree Finishing
14 silly loadShrinkwrap Starting
15 silly install loadShrinkwrap
16 silly loadShrinkwrap Finishing
17 silly loadAllDepsIntoIdealTree Starting
18 silly install loadAllDepsIntoIdealTree
19 silly fetchNamedPackageData uuid
20 silly mapToRegistry name uuid
21 silly mapToRegistry using default registry
22 silly mapToRegistry registry https://registry.npmjs.org/
23 silly mapToRegistry data Result {
23 silly mapToRegistry   raw: 'uuid',
23 silly mapToRegistry   scope: null,
23 silly mapToRegistry   name: 'uuid',
23 silly mapToRegistry   rawSpec: '',
23 silly mapToRegistry   spec: 'latest',
23 silly mapToRegistry   type: 'tag' }
24 silly mapToRegistry uri https://registry.npmjs.org/uuid
25 verbose request uri https://registry.npmjs.org/uuid
26 verbose request no auth needed
27 info attempt registry request try #1 at 12:46:34 PM
28 verbose request id 45f1507e8771a837
29 verbose etag "CQ1EJHFQLP4WW9ZTFEWW83UZG"
30 http request GET https://registry.npmjs.org/uuid
31 http 304 https://registry.npmjs.org/uuid
32 verbose headers { date: 'Sat, 09 Jul 2016 19:46:34 GMT',
32 verbose headers   via: '1.1 varnish',
32 verbose headers   'cache-control': 'max-age=300',
32 verbose headers   etag: '"CQ1EJHFQLP4WW9ZTFEWW83UZG"',
32 verbose headers   age: '294',
32 verbose headers   connection: 'keep-alive',
32 verbose headers   'x-served-by': 'cache-sea1927-SEA',
32 verbose headers   'x-cache': 'HIT',
32 verbose headers   'x-cache-hits': '4',
32 verbose headers   'x-timer': 'S1468093594.911882,VS0,VE0',
32 verbose headers   vary: 'Accept-Encoding' }
33 silly get cb [ 304,
33 silly get   { date: 'Sat, 09 Jul 2016 19:46:34 GMT',
33 silly get     via: '1.1 varnish',
33 silly get     'cache-control': 'max-age=300',
33 silly get     etag: '"CQ1EJHFQLP4WW9ZTFEWW83UZG"',
33 silly get     age: '294',
33 silly get     connection: 'keep-alive',
33 silly get     'x-served-by': 'cache-sea1927-SEA',
33 silly get     'x-cache': 'HIT',
33 silly get     'x-cache-hits': '4',
33 silly get     'x-timer': 'S1468093594.911882,VS0,VE0',
33 silly get     vary: 'Accept-Encoding' } ]
34 verbose etag https://registry.npmjs.org/uuid from cache
35 verbose get saving uuid to /Users/ymoregola/.npm/registry.npmjs.org/uuid/.cache.json
36 verbose correctMkdir /Users/ymoregola/.npm correctMkdir not in flight; initializing
37 silly resolveWithNewModule uuid@2.0.2 checking installable status
38 silly cache add args [ 'uuid@^2.0.2', null ]
39 verbose cache add spec uuid@^2.0.2
40 silly cache add parsed spec Result {
40 silly cache add   raw: 'uuid@^2.0.2',
40 silly cache add   scope: null,
40 silly cache add   name: 'uuid',
40 silly cache add   rawSpec: '^2.0.2',
40 silly cache add   spec: '>=2.0.2 <3.0.0',
40 silly cache add   type: 'range' }
41 silly addNamed uuid@>=2.0.2 <3.0.0
42 verbose addNamed ">=2.0.2 <3.0.0" is a valid semver range for uuid
43 silly addNameRange { name: 'uuid', range: '>=2.0.2 <3.0.0', hasData: false }
44 silly mapToRegistry name uuid
45 silly mapToRegistry using default registry
46 silly mapToRegistry registry https://registry.npmjs.org/
47 silly mapToRegistry data Result {
47 silly mapToRegistry   raw: 'uuid',
47 silly mapToRegistry   scope: null,
47 silly mapToRegistry   name: 'uuid',
47 silly mapToRegistry   rawSpec: '',
47 silly mapToRegistry   spec: 'latest',
47 silly mapToRegistry   type: 'tag' }
48 silly mapToRegistry uri https://registry.npmjs.org/uuid
49 verbose addNameRange registry:https://registry.npmjs.org/uuid not in flight; fetching
50 verbose get https://registry.npmjs.org/uuid not expired, no request
51 silly addNameRange number 2 { name: 'uuid', range: '>=2.0.2 <3.0.0', hasData: true }
52 silly addNameRange versions [ 'uuid',
52 silly addNameRange   [ '0.0.1',
52 silly addNameRange     '0.0.2',
52 silly addNameRange     '1.4.0',
52 silly addNameRange     '1.4.1',
52 silly addNameRange     '1.4.2',
52 silly addNameRange     '2.0.0',
52 silly addNameRange     '2.0.1',
52 silly addNameRange     '2.0.2' ] ]
53 silly addNamed uuid@2.0.2
54 verbose addNamed "2.0.2" is a plain semver version for uuid
55 silly cache afterAdd uuid@2.0.2
56 verbose afterAdd /Users/ymoregola/.npm/uuid/2.0.2/package/package.json not in flight; writing
57 verbose correctMkdir /Users/ymoregola/.npm correctMkdir not in flight; initializing
58 verbose afterAdd /Users/ymoregola/.npm/uuid/2.0.2/package/package.json written
59 silly loadAllDepsIntoIdealTree Finishing
60 silly idealTree:prePrune fullstack-template@1.0.0
60 silly idealTree:prePrune ├── accepts@1.3.3
60 silly idealTree:prePrune ├── after@0.8.1
60 silly idealTree:prePrune ├── ansi-regex@2.0.0
60 silly idealTree:prePrune ├── ansi-styles@2.2.1
60 silly idealTree:prePrune ├── array-flatten@1.1.1
60 silly idealTree:prePrune ├── arraybuffer.slice@0.0.6
60 silly idealTree:prePrune ├── asn1@0.2.3
60 silly idealTree:prePrune ├── assert-plus@0.2.0
60 silly idealTree:prePrune ├── async@1.5.2
60 silly idealTree:prePrune ├── aws-sign2@0.6.0
60 silly idealTree:prePrune ├── aws4@1.4.1
60 silly idealTree:prePrune ├── backo2@1.0.2
60 silly idealTree:prePrune ├── base64-arraybuffer@0.1.2
60 silly idealTree:prePrune ├── base64-url@1.2.2
60 silly idealTree:prePrune ├── base64id@0.1.0
60 silly idealTree:prePrune ├── base64url@1.0.6
60 silly idealTree:prePrune ├── basic-auth@1.0.4
60 silly idealTree:prePrune ├── bcryptjs@2.3.0
60 silly idealTree:prePrune ├── benchmark@1.0.0
60 silly idealTree:prePrune ├── better-assert@1.0.2
60 silly idealTree:prePrune ├─┬ bl@1.1.2
60 silly idealTree:prePrune │ ├── isarray@1.0.0
60 silly idealTree:prePrune │ └── readable-stream@2.0.6
60 silly idealTree:prePrune ├── blob@0.0.4
60 silly idealTree:prePrune ├── bluebird@2.10.2
60 silly idealTree:prePrune ├── body-parser@1.15.2
60 silly idealTree:prePrune ├── boom@2.10.1
60 silly idealTree:prePrune ├── bower@1.7.9
60 silly idealTree:prePrune ├── bson@0.4.23
60 silly idealTree:prePrune ├── buffer-equal-constant-time@1.0.1
60 silly idealTree:prePrune ├── bytes@2.4.0
60 silly idealTree:prePrune ├── callsite@1.0.0
60 silly idealTree:prePrune ├── camelcase-keys@1.0.0
60 silly idealTree:prePrune ├── camelcase@1.2.1
60 silly idealTree:prePrune ├── caseless@0.11.0
60 silly idealTree:prePrune ├── chalk@1.1.3
60 silly idealTree:prePrune ├── combined-stream@1.0.5
60 silly idealTree:prePrune ├── commander@2.9.0
60 silly idealTree:prePrune ├── component-bind@1.0.0
60 silly idealTree:prePrune ├── component-emitter@1.1.2
60 silly idealTree:prePrune ├── component-inherit@0.0.3
60 silly idealTree:prePrune ├── concat-stream@1.4.10
60 silly idealTree:prePrune ├── content-disposition@0.5.1
60 silly idealTree:prePrune ├── content-type@1.0.2
60 silly idealTree:prePrune ├── cookie-parser@1.4.3
60 silly idealTree:prePrune ├── cookie-signature@1.0.6
60 silly idealTree:prePrune ├── cookie@0.3.1
60 silly idealTree:prePrune ├── core-util-is@1.0.2
60 silly idealTree:prePrune ├── cryptiles@2.0.5
60 silly idealTree:prePrune ├─┬ dashdash@1.14.0
60 silly idealTree:prePrune │ └── assert-plus@1.0.0
60 silly idealTree:prePrune ├── debug@2.2.0
60 silly idealTree:prePrune ├── delayed-stream@1.0.0
60 silly idealTree:prePrune ├── depd@1.1.0
60 silly idealTree:prePrune ├── destroy@1.0.4
60 silly idealTree:prePrune ├── dotenv@2.0.0
60 silly idealTree:prePrune ├── ecc-jsbn@0.1.1
60 silly idealTree:prePrune ├── ecdsa-sig-formatter@1.0.7
60 silly idealTree:prePrune ├── ee-first@1.1.1
60 silly idealTree:prePrune ├── ejs@2.4.2
60 silly idealTree:prePrune ├── encodeurl@1.0.1
60 silly idealTree:prePrune ├─┬ engine.io-client@1.6.11
60 silly idealTree:prePrune │ └── ws@1.0.1
60 silly idealTree:prePrune ├─┬ engine.io-parser@1.2.4
60 silly idealTree:prePrune │ └── has-binary@0.1.6
60 silly idealTree:prePrune ├─┬ engine.io@1.6.11
60 silly idealTree:prePrune │ ├── accepts@1.1.4
60 silly idealTree:prePrune │ ├── mime-db@1.12.0
60 silly idealTree:prePrune │ ├── mime-types@2.0.14
60 silly idealTree:prePrune │ └── negotiator@0.4.9
60 silly idealTree:prePrune ├── es6-promise@3.0.2
60 silly idealTree:prePrune ├── escape-html@1.0.3
60 silly idealTree:prePrune ├── escape-string-regexp@1.0.5
60 silly idealTree:prePrune ├── etag@1.7.0
60 silly idealTree:prePrune ├── express@4.14.0
60 silly idealTree:prePrune ├── extend@3.0.0
60 silly idealTree:prePrune ├── extsprintf@1.0.2
60 silly idealTree:prePrune ├── finalhandler@0.5.0
60 silly idealTree:prePrune ├── forever-agent@0.6.1
60 silly idealTree:prePrune ├── form-data@1.0.0-rc4
60 silly idealTree:prePrune ├── forwarded@0.1.0
60 silly idealTree:prePrune ├── fresh@0.3.0
60 silly idealTree:prePrune ├── generate-function@2.0.0
60 silly idealTree:prePrune ├── generate-object-property@1.2.0
60 silly idealTree:prePrune ├── get-stdin@4.0.1
60 silly idealTree:prePrune ├─┬ getpass@0.1.6
60 silly idealTree:prePrune │ └── assert-plus@1.0.0
60 silly idealTree:prePrune ├── graceful-readlink@1.0.1
60 silly idealTree:prePrune ├── har-validator@2.0.6
60 silly idealTree:prePrune ├── has-ansi@2.0.0
60 silly idealTree:prePrune ├── has-binary@0.1.7
60 silly idealTree:prePrune ├── has-cors@1.1.0
60 silly idealTree:prePrune ├── hawk@3.1.3
60 silly idealTree:prePrune ├── hoek@2.16.3
60 silly idealTree:prePrune ├── hooks-fixed@1.1.0
60 silly idealTree:prePrune ├── http-errors@1.5.0
60 silly idealTree:prePrune ├── http-signature@1.1.1
60 silly idealTree:prePrune ├── iconv-lite@0.4.13
60 silly idealTree:prePrune ├── indent-string@1.2.2
60 silly idealTree:prePrune ├── indexof@0.0.1
60 silly idealTree:prePrune ├── inherits@2.0.1
60 silly idealTree:prePrune ├── ipaddr.js@1.1.1
60 silly idealTree:prePrune ├── is-finite@1.0.1
60 silly idealTree:prePrune ├── is-my-json-valid@2.13.1
60 silly idealTree:prePrune ├── is-property@1.0.2
60 silly idealTree:prePrune ├── is-typedarray@1.0.0
60 silly idealTree:prePrune ├── isarray@0.0.1
60 silly idealTree:prePrune ├── isemail@1.2.0
60 silly idealTree:prePrune ├── isstream@0.1.2
60 silly idealTree:prePrune ├── jodid25519@1.0.2
60 silly idealTree:prePrune ├── joi@6.10.1
60 silly idealTree:prePrune ├── jsbn@0.1.0
60 silly idealTree:prePrune ├── json-schema@0.2.2
60 silly idealTree:prePrune ├── json-stringify-safe@5.0.1
60 silly idealTree:prePrune ├── json3@3.2.6
60 silly idealTree:prePrune ├── jsonpointer@2.0.0
60 silly idealTree:prePrune ├── jsonwebtoken@7.0.1
60 silly idealTree:prePrune ├── jsprim@1.3.0
60 silly idealTree:prePrune ├── jwa@1.1.3
60 silly idealTree:prePrune ├── jws@3.1.3
60 silly idealTree:prePrune ├── kareem@1.1.3
60 silly idealTree:prePrune ├── map-obj@1.0.1
60 silly idealTree:prePrune ├── media-typer@0.3.0
60 silly idealTree:prePrune ├── meow@2.0.0
60 silly idealTree:prePrune ├── merge-descriptors@1.0.1
60 silly idealTree:prePrune ├── methods@1.1.2
60 silly idealTree:prePrune ├── mime-db@1.23.0
60 silly idealTree:prePrune ├── mime-types@2.1.11
60 silly idealTree:prePrune ├── mime@1.3.4
60 silly idealTree:prePrune ├── minimist@1.2.0
60 silly idealTree:prePrune ├── moment@2.14.1
60 silly idealTree:prePrune ├── mongodb-core@1.3.18
60 silly idealTree:prePrune ├─┬ mongodb@2.1.18
60 silly idealTree:prePrune │ └── readable-stream@1.0.31
60 silly idealTree:prePrune ├── mongoose@4.5.3
60 silly idealTree:prePrune ├── morgan@1.7.0
60 silly idealTree:prePrune ├── mpath@0.2.1
60 silly idealTree:prePrune ├── mpromise@0.5.5
60 silly idealTree:prePrune ├─┬ mquery@1.11.0
60 silly idealTree:prePrune │ └── sliced@0.0.5
60 silly idealTree:prePrune ├── ms@0.7.1
60 silly idealTree:prePrune ├── muri@1.1.0
60 silly idealTree:prePrune ├── negotiator@0.6.1
60 silly idealTree:prePrune ├── node-uuid@1.4.7
60 silly idealTree:prePrune ├── number-is-nan@1.0.0
60 silly idealTree:prePrune ├── oauth-sign@0.8.2
60 silly idealTree:prePrune ├── object-assign@1.0.0
60 silly idealTree:prePrune ├── object-component@0.0.3
60 silly idealTree:prePrune ├── on-finished@2.3.0
60 silly idealTree:prePrune ├── on-headers@1.0.1
60 silly idealTree:prePrune ├── options@0.0.6
60 silly idealTree:prePrune ├── parsejson@0.0.1
60 silly idealTree:prePrune ├── parseqs@0.0.2
60 silly idealTree:prePrune ├── parseuri@0.0.4
60 silly idealTree:prePrune ├── parseurl@1.3.1
60 silly idealTree:prePrune ├── path-to-regexp@0.1.7
60 silly idealTree:prePrune ├── pinkie-promise@2.0.1
60 silly idealTree:prePrune ├── pinkie@2.0.4
60 silly idealTree:prePrune ├── process-nextick-args@1.0.7
60 silly idealTree:prePrune ├── proxy-addr@1.1.2
60 silly idealTree:prePrune ├── qs@6.2.0
60 silly idealTree:prePrune ├── range-parser@1.2.0
60 silly idealTree:prePrune ├── raw-body@2.1.7
60 silly idealTree:prePrune ├── readable-stream@1.1.14
60 silly idealTree:prePrune ├── regexp-clone@0.0.1
60 silly idealTree:prePrune ├── repeating@1.1.3
60 silly idealTree:prePrune ├─┬ request@2.72.0
60 silly idealTree:prePrune │ └── qs@6.1.0
60 silly idealTree:prePrune ├── require_optional@1.0.0
60 silly idealTree:prePrune ├── resolve-from@2.0.0
60 silly idealTree:prePrune ├── semver@5.2.0
60 silly idealTree:prePrune ├── send@0.14.1
60 silly idealTree:prePrune ├── serve-favicon@2.3.0
60 silly idealTree:prePrune ├── serve-static@1.11.1
60 silly idealTree:prePrune ├── setprototypeof@1.0.1
60 silly idealTree:prePrune ├── sliced@1.0.1
60 silly idealTree:prePrune ├── sntp@1.0.9
60 silly idealTree:prePrune ├─┬ socket.io-adapter@0.4.0
60 silly idealTree:prePrune │ └─┬ socket.io-parser@2.2.2
60 silly idealTree:prePrune │   └── debug@0.7.4
60 silly idealTree:prePrune ├─┬ socket.io-client@1.4.8
60 silly idealTree:prePrune │ └── component-emitter@1.2.0
60 silly idealTree:prePrune ├─┬ socket.io-parser@2.2.6
60 silly idealTree:prePrune │ └── json3@3.3.2
60 silly idealTree:prePrune ├── socket.io@1.4.8
60 silly idealTree:prePrune ├─┬ sshpk@1.8.3
60 silly idealTree:prePrune │ └── assert-plus@1.0.0
60 silly idealTree:prePrune ├── statuses@1.3.0
60 silly idealTree:prePrune ├── string_decoder@0.10.31
60 silly idealTree:prePrune ├── stringstream@0.0.5
60 silly idealTree:prePrune ├── strip-ansi@3.0.1
60 silly idealTree:prePrune ├── supports-color@2.0.0
60 silly idealTree:prePrune ├── to-array@0.1.4
60 silly idealTree:prePrune ├── topo@1.1.0
60 silly idealTree:prePrune ├── tough-cookie@2.2.2
60 silly idealTree:prePrune ├── tunnel-agent@0.4.3
60 silly idealTree:prePrune ├── tweetnacl@0.13.3
60 silly idealTree:prePrune ├── type-is@1.6.13
60 silly idealTree:prePrune ├── typedarray@0.0.6
60 silly idealTree:prePrune ├── ultron@1.0.2
60 silly idealTree:prePrune ├── unpipe@1.0.0
60 silly idealTree:prePrune ├── utf8@2.1.0
60 silly idealTree:prePrune ├── util-deprecate@1.0.2
60 silly idealTree:prePrune ├── utils-merge@1.0.0
60 silly idealTree:prePrune ├── uuid@2.0.2
60 silly idealTree:prePrune ├── vary@1.1.0
60 silly idealTree:prePrune ├── verror@1.3.6
60 silly idealTree:prePrune ├── ws@1.1.0
60 silly idealTree:prePrune ├── xmlhttprequest-ssl@1.5.1
60 silly idealTree:prePrune ├── xtend@4.0.1
60 silly idealTree:prePrune └── yeast@0.1.2
61 silly loadIdealTree Finishing
62 silly currentTree fullstack-template@1.0.0
62 silly currentTree ├── accepts@1.3.3
62 silly currentTree ├── after@0.8.1
62 silly currentTree ├── ansi-regex@2.0.0
62 silly currentTree ├── ansi-styles@2.2.1
62 silly currentTree ├── array-flatten@1.1.1
62 silly currentTree ├── arraybuffer.slice@0.0.6
62 silly currentTree ├── asn1@0.2.3
62 silly currentTree ├── assert-plus@0.2.0
62 silly currentTree ├── async@1.5.2
62 silly currentTree ├── aws-sign2@0.6.0
62 silly currentTree ├── aws4@1.4.1
62 silly currentTree ├── backo2@1.0.2
62 silly currentTree ├── base64-arraybuffer@0.1.2
62 silly currentTree ├── base64-url@1.2.2
62 silly currentTree ├── base64id@0.1.0
62 silly currentTree ├── base64url@1.0.6
62 silly currentTree ├── basic-auth@1.0.4
62 silly currentTree ├── bcryptjs@2.3.0
62 silly currentTree ├── benchmark@1.0.0
62 silly currentTree ├── better-assert@1.0.2
62 silly currentTree ├─┬ bl@1.1.2
62 silly currentTree │ ├── isarray@1.0.0
62 silly currentTree │ └── readable-stream@2.0.6
62 silly currentTree ├── blob@0.0.4
62 silly currentTree ├── bluebird@2.10.2
62 silly currentTree ├── body-parser@1.15.2
62 silly currentTree ├── boom@2.10.1
62 silly currentTree ├── bower@1.7.9
62 silly currentTree ├── bson@0.4.23
62 silly currentTree ├── buffer-equal-constant-time@1.0.1
62 silly currentTree ├── bytes@2.4.0
62 silly currentTree ├── callsite@1.0.0
62 silly currentTree ├── camelcase-keys@1.0.0
62 silly currentTree ├── camelcase@1.2.1
62 silly currentTree ├── caseless@0.11.0
62 silly currentTree ├── chalk@1.1.3
62 silly currentTree ├── combined-stream@1.0.5
62 silly currentTree ├── commander@2.9.0
62 silly currentTree ├── component-bind@1.0.0
62 silly currentTree ├── component-emitter@1.1.2
62 silly currentTree ├── component-inherit@0.0.3
62 silly currentTree ├── concat-stream@1.4.10
62 silly currentTree ├── content-disposition@0.5.1
62 silly currentTree ├── content-type@1.0.2
62 silly currentTree ├── cookie-parser@1.4.3
62 silly currentTree ├── cookie-signature@1.0.6
62 silly currentTree ├── cookie@0.3.1
62 silly currentTree ├── core-util-is@1.0.2
62 silly currentTree ├── cryptiles@2.0.5
62 silly currentTree ├─┬ dashdash@1.14.0
62 silly currentTree │ └── assert-plus@1.0.0
62 silly currentTree ├── debug@2.2.0
62 silly currentTree ├── delayed-stream@1.0.0
62 silly currentTree ├── depd@1.1.0
62 silly currentTree ├── destroy@1.0.4
62 silly currentTree ├── dotenv@2.0.0
62 silly currentTree ├── ecc-jsbn@0.1.1
62 silly currentTree ├── ecdsa-sig-formatter@1.0.7
62 silly currentTree ├── ee-first@1.1.1
62 silly currentTree ├── ejs@2.4.2
62 silly currentTree ├── encodeurl@1.0.1
62 silly currentTree ├─┬ engine.io-client@1.6.11
62 silly currentTree │ └── ws@1.0.1
62 silly currentTree ├─┬ engine.io-parser@1.2.4
62 silly currentTree │ └── has-binary@0.1.6
62 silly currentTree ├─┬ engine.io@1.6.11
62 silly currentTree │ ├── accepts@1.1.4
62 silly currentTree │ ├── mime-db@1.12.0
62 silly currentTree │ ├── mime-types@2.0.14
62 silly currentTree │ └── negotiator@0.4.9
62 silly currentTree ├── es6-promise@3.0.2
62 silly currentTree ├── escape-html@1.0.3
62 silly currentTree ├── escape-string-regexp@1.0.5
62 silly currentTree ├── etag@1.7.0
62 silly currentTree ├── express@4.14.0
62 silly currentTree ├── extend@3.0.0
62 silly currentTree ├── extsprintf@1.0.2
62 silly currentTree ├── finalhandler@0.5.0
62 silly currentTree ├── forever-agent@0.6.1
62 silly currentTree ├── form-data@1.0.0-rc4
62 silly currentTree ├── forwarded@0.1.0
62 silly currentTree ├── fresh@0.3.0
62 silly currentTree ├── generate-function@2.0.0
62 silly currentTree ├── generate-object-property@1.2.0
62 silly currentTree ├── get-stdin@4.0.1
62 silly currentTree ├─┬ getpass@0.1.6
62 silly currentTree │ └── assert-plus@1.0.0
62 silly currentTree ├── graceful-readlink@1.0.1
62 silly currentTree ├── har-validator@2.0.6
62 silly currentTree ├── has-ansi@2.0.0
62 silly currentTree ├── has-binary@0.1.7
62 silly currentTree ├── has-cors@1.1.0
62 silly currentTree ├── hawk@3.1.3
62 silly currentTree ├── hoek@2.16.3
62 silly currentTree ├── hooks-fixed@1.1.0
62 silly currentTree ├── http-errors@1.5.0
62 silly currentTree ├── http-signature@1.1.1
62 silly currentTree ├── iconv-lite@0.4.13
62 silly currentTree ├── indent-string@1.2.2
62 silly currentTree ├── indexof@0.0.1
62 silly currentTree ├── inherits@2.0.1
62 silly currentTree ├── ipaddr.js@1.1.1
62 silly currentTree ├── is-finite@1.0.1
62 silly currentTree ├── is-my-json-valid@2.13.1
62 silly currentTree ├── is-property@1.0.2
62 silly currentTree ├── is-typedarray@1.0.0
62 silly currentTree ├── isarray@0.0.1
62 silly currentTree ├── isemail@1.2.0
62 silly currentTree ├── isstream@0.1.2
62 silly currentTree ├── jodid25519@1.0.2
62 silly currentTree ├── joi@6.10.1
62 silly currentTree ├── jsbn@0.1.0
62 silly currentTree ├── json-schema@0.2.2
62 silly currentTree ├── json-stringify-safe@5.0.1
62 silly currentTree ├── json3@3.2.6
62 silly currentTree ├── jsonpointer@2.0.0
62 silly currentTree ├── jsonwebtoken@7.0.1
62 silly currentTree ├── jsprim@1.3.0
62 silly currentTree ├── jwa@1.1.3
62 silly currentTree ├── jws@3.1.3
62 silly currentTree ├── kareem@1.1.3
62 silly currentTree ├── map-obj@1.0.1
62 silly currentTree ├── media-typer@0.3.0
62 silly currentTree ├── meow@2.0.0
62 silly currentTree ├── merge-descriptors@1.0.1
62 silly currentTree ├── methods@1.1.2
62 silly currentTree ├── mime-db@1.23.0
62 silly currentTree ├── mime-types@2.1.11
62 silly currentTree ├── mime@1.3.4
62 silly currentTree ├── minimist@1.2.0
62 silly currentTree ├── moment@2.14.1
62 silly currentTree ├── mongodb-core@1.3.18
62 silly currentTree ├─┬ mongodb@2.1.18
62 silly currentTree │ └── readable-stream@1.0.31
62 silly currentTree ├── mongoose@4.5.3
62 silly currentTree ├── morgan@1.7.0
62 silly currentTree ├── mpath@0.2.1
62 silly currentTree ├── mpromise@0.5.5
62 silly currentTree ├─┬ mquery@1.11.0
62 silly currentTree │ └── sliced@0.0.5
62 silly currentTree ├── ms@0.7.1
62 silly currentTree ├── muri@1.1.0
62 silly currentTree ├── negotiator@0.6.1
62 silly currentTree ├── node-uuid@1.4.7
62 silly currentTree ├── number-is-nan@1.0.0
62 silly currentTree ├── oauth-sign@0.8.2
62 silly currentTree ├── object-assign@1.0.0
62 silly currentTree ├── object-component@0.0.3
62 silly currentTree ├── on-finished@2.3.0
62 silly currentTree ├── on-headers@1.0.1
62 silly currentTree ├── options@0.0.6
62 silly currentTree ├── parsejson@0.0.1
62 silly currentTree ├── parseqs@0.0.2
62 silly currentTree ├── parseuri@0.0.4
62 silly currentTree ├── parseurl@1.3.1
62 silly currentTree ├── path-to-regexp@0.1.7
62 silly currentTree ├── pinkie-promise@2.0.1
62 silly currentTree ├── pinkie@2.0.4
62 silly currentTree ├── process-nextick-args@1.0.7
62 silly currentTree ├── proxy-addr@1.1.2
62 silly currentTree ├── qs@6.2.0
62 silly currentTree ├── range-parser@1.2.0
62 silly currentTree ├── raw-body@2.1.7
62 silly currentTree ├── readable-stream@1.1.14
62 silly currentTree ├── regexp-clone@0.0.1
62 silly currentTree ├── repeating@1.1.3
62 silly currentTree ├─┬ request@2.72.0
62 silly currentTree │ └── qs@6.1.0
62 silly currentTree ├── require_optional@1.0.0
62 silly currentTree ├── resolve-from@2.0.0
62 silly currentTree ├── semver@5.2.0
62 silly currentTree ├── send@0.14.1
62 silly currentTree ├── serve-favicon@2.3.0
62 silly currentTree ├── serve-static@1.11.1
62 silly currentTree ├── setprototypeof@1.0.1
62 silly currentTree ├── sliced@1.0.1
62 silly currentTree ├── sntp@1.0.9
62 silly currentTree ├─┬ socket.io-adapter@0.4.0
62 silly currentTree │ └─┬ socket.io-parser@2.2.2
62 silly currentTree │   └── debug@0.7.4
62 silly currentTree ├─┬ socket.io-client@1.4.8
62 silly currentTree │ └── component-emitter@1.2.0
62 silly currentTree ├─┬ socket.io-parser@2.2.6
62 silly currentTree │ └── json3@3.3.2
62 silly currentTree ├── socket.io@1.4.8
62 silly currentTree ├─┬ sshpk@1.8.3
62 silly currentTree │ └── assert-plus@1.0.0
62 silly currentTree ├── statuses@1.3.0
62 silly currentTree ├── string_decoder@0.10.31
62 silly currentTree ├── stringstream@0.0.5
62 silly currentTree ├── strip-ansi@3.0.1
62 silly currentTree ├── supports-color@2.0.0
62 silly currentTree ├── to-array@0.1.4
62 silly currentTree ├── topo@1.1.0
62 silly currentTree ├── tough-cookie@2.2.2
62 silly currentTree ├── tunnel-agent@0.4.3
62 silly currentTree ├── tweetnacl@0.13.3
62 silly currentTree ├── type-is@1.6.13
62 silly currentTree ├── typedarray@0.0.6
62 silly currentTree ├── ultron@1.0.2
62 silly currentTree ├── unpipe@1.0.0
62 silly currentTree ├── utf8@2.1.0
62 silly currentTree ├── util-deprecate@1.0.2
62 silly currentTree ├── utils-merge@1.0.0
62 silly currentTree ├── vary@1.1.0
62 silly currentTree ├── verror@1.3.6
62 silly currentTree ├── ws@1.1.0
62 silly currentTree ├── xmlhttprequest-ssl@1.5.1
62 silly currentTree ├── xtend@4.0.1
62 silly currentTree └── yeast@0.1.2
63 silly idealTree fullstack-template@1.0.0
63 silly idealTree ├── accepts@1.3.3
63 silly idealTree ├── after@0.8.1
63 silly idealTree ├── ansi-regex@2.0.0
63 silly idealTree ├── ansi-styles@2.2.1
63 silly idealTree ├── array-flatten@1.1.1
63 silly idealTree ├── arraybuffer.slice@0.0.6
63 silly idealTree ├── asn1@0.2.3
63 silly idealTree ├── assert-plus@0.2.0
63 silly idealTree ├── async@1.5.2
63 silly idealTree ├── aws-sign2@0.6.0
63 silly idealTree ├── aws4@1.4.1
63 silly idealTree ├── backo2@1.0.2
63 silly idealTree ├── base64-arraybuffer@0.1.2
63 silly idealTree ├── base64-url@1.2.2
63 silly idealTree ├── base64id@0.1.0
63 silly idealTree ├── base64url@1.0.6
63 silly idealTree ├── basic-auth@1.0.4
63 silly idealTree ├── bcryptjs@2.3.0
63 silly idealTree ├── benchmark@1.0.0
63 silly idealTree ├── better-assert@1.0.2
63 silly idealTree ├─┬ bl@1.1.2
63 silly idealTree │ ├── isarray@1.0.0
63 silly idealTree │ └── readable-stream@2.0.6
63 silly idealTree ├── blob@0.0.4
63 silly idealTree ├── bluebird@2.10.2
63 silly idealTree ├── body-parser@1.15.2
63 silly idealTree ├── boom@2.10.1
63 silly idealTree ├── bower@1.7.9
63 silly idealTree ├── bson@0.4.23
63 silly idealTree ├── buffer-equal-constant-time@1.0.1
63 silly idealTree ├── bytes@2.4.0
63 silly idealTree ├── callsite@1.0.0
63 silly idealTree ├── camelcase-keys@1.0.0
63 silly idealTree ├── camelcase@1.2.1
63 silly idealTree ├── caseless@0.11.0
63 silly idealTree ├── chalk@1.1.3
63 silly idealTree ├── combined-stream@1.0.5
63 silly idealTree ├── commander@2.9.0
63 silly idealTree ├── component-bind@1.0.0
63 silly idealTree ├── component-emitter@1.1.2
63 silly idealTree ├── component-inherit@0.0.3
63 silly idealTree ├── concat-stream@1.4.10
63 silly idealTree ├── content-disposition@0.5.1
63 silly idealTree ├── content-type@1.0.2
63 silly idealTree ├── cookie-parser@1.4.3
63 silly idealTree ├── cookie-signature@1.0.6
63 silly idealTree ├── cookie@0.3.1
63 silly idealTree ├── core-util-is@1.0.2
63 silly idealTree ├── cryptiles@2.0.5
63 silly idealTree ├─┬ dashdash@1.14.0
63 silly idealTree │ └── assert-plus@1.0.0
63 silly idealTree ├── debug@2.2.0
63 silly idealTree ├── delayed-stream@1.0.0
63 silly idealTree ├── depd@1.1.0
63 silly idealTree ├── destroy@1.0.4
63 silly idealTree ├── dotenv@2.0.0
63 silly idealTree ├── ecc-jsbn@0.1.1
63 silly idealTree ├── ecdsa-sig-formatter@1.0.7
63 silly idealTree ├── ee-first@1.1.1
63 silly idealTree ├── ejs@2.4.2
63 silly idealTree ├── encodeurl@1.0.1
63 silly idealTree ├─┬ engine.io-client@1.6.11
63 silly idealTree │ └── ws@1.0.1
63 silly idealTree ├─┬ engine.io-parser@1.2.4
63 silly idealTree │ └── has-binary@0.1.6
63 silly idealTree ├─┬ engine.io@1.6.11
63 silly idealTree │ ├── accepts@1.1.4
63 silly idealTree │ ├── mime-db@1.12.0
63 silly idealTree │ ├── mime-types@2.0.14
63 silly idealTree │ └── negotiator@0.4.9
63 silly idealTree ├── es6-promise@3.0.2
63 silly idealTree ├── escape-html@1.0.3
63 silly idealTree ├── escape-string-regexp@1.0.5
63 silly idealTree ├── etag@1.7.0
63 silly idealTree ├── express@4.14.0
63 silly idealTree ├── extend@3.0.0
63 silly idealTree ├── extsprintf@1.0.2
63 silly idealTree ├── finalhandler@0.5.0
63 silly idealTree ├── forever-agent@0.6.1
63 silly idealTree ├── form-data@1.0.0-rc4
63 silly idealTree ├── forwarded@0.1.0
63 silly idealTree ├── fresh@0.3.0
63 silly idealTree ├── generate-function@2.0.0
63 silly idealTree ├── generate-object-property@1.2.0
63 silly idealTree ├── get-stdin@4.0.1
63 silly idealTree ├─┬ getpass@0.1.6
63 silly idealTree │ └── assert-plus@1.0.0
63 silly idealTree ├── graceful-readlink@1.0.1
63 silly idealTree ├── har-validator@2.0.6
63 silly idealTree ├── has-ansi@2.0.0
63 silly idealTree ├── has-binary@0.1.7
63 silly idealTree ├── has-cors@1.1.0
63 silly idealTree ├── hawk@3.1.3
63 silly idealTree ├── hoek@2.16.3
63 silly idealTree ├── hooks-fixed@1.1.0
63 silly idealTree ├── http-errors@1.5.0
63 silly idealTree ├── http-signature@1.1.1
63 silly idealTree ├── iconv-lite@0.4.13
63 silly idealTree ├── indent-string@1.2.2
63 silly idealTree ├── indexof@0.0.1
63 silly idealTree ├── inherits@2.0.1
63 silly idealTree ├── ipaddr.js@1.1.1
63 silly idealTree ├── is-finite@1.0.1
63 silly idealTree ├── is-my-json-valid@2.13.1
63 silly idealTree ├── is-property@1.0.2
63 silly idealTree ├── is-typedarray@1.0.0
63 silly idealTree ├── isarray@0.0.1
63 silly idealTree ├── isemail@1.2.0
63 silly idealTree ├── isstream@0.1.2
63 silly idealTree ├── jodid25519@1.0.2
63 silly idealTree ├── joi@6.10.1
63 silly idealTree ├── jsbn@0.1.0
63 silly idealTree ├── json-schema@0.2.2
63 silly idealTree ├── json-stringify-safe@5.0.1
63 silly idealTree ├── json3@3.2.6
63 silly idealTree ├── jsonpointer@2.0.0
63 silly idealTree ├── jsonwebtoken@7.0.1
63 silly idealTree ├── jsprim@1.3.0
63 silly idealTree ├── jwa@1.1.3
63 silly idealTree ├── jws@3.1.3
63 silly idealTree ├── kareem@1.1.3
63 silly idealTree ├── map-obj@1.0.1
63 silly idealTree ├── media-typer@0.3.0
63 silly idealTree ├── meow@2.0.0
63 silly idealTree ├── merge-descriptors@1.0.1
63 silly idealTree ├── methods@1.1.2
63 silly idealTree ├── mime-db@1.23.0
63 silly idealTree ├── mime-types@2.1.11
63 silly idealTree ├── mime@1.3.4
63 silly idealTree ├── minimist@1.2.0
63 silly idealTree ├── moment@2.14.1
63 silly idealTree ├── mongodb-core@1.3.18
63 silly idealTree ├─┬ mongodb@2.1.18
63 silly idealTree │ └── readable-stream@1.0.31
63 silly idealTree ├── mongoose@4.5.3
63 silly idealTree ├── morgan@1.7.0
63 silly idealTree ├── mpath@0.2.1
63 silly idealTree ├── mpromise@0.5.5
63 silly idealTree ├─┬ mquery@1.11.0
63 silly idealTree │ └── sliced@0.0.5
63 silly idealTree ├── ms@0.7.1
63 silly idealTree ├── muri@1.1.0
63 silly idealTree ├── negotiator@0.6.1
63 silly idealTree ├── node-uuid@1.4.7
63 silly idealTree ├── number-is-nan@1.0.0
63 silly idealTree ├── oauth-sign@0.8.2
63 silly idealTree ├── object-assign@1.0.0
63 silly idealTree ├── object-component@0.0.3
63 silly idealTree ├── on-finished@2.3.0
63 silly idealTree ├── on-headers@1.0.1
63 silly idealTree ├── options@0.0.6
63 silly idealTree ├── parsejson@0.0.1
63 silly idealTree ├── parseqs@0.0.2
63 silly idealTree ├── parseuri@0.0.4
63 silly idealTree ├── parseurl@1.3.1
63 silly idealTree ├── path-to-regexp@0.1.7
63 silly idealTree ├── pinkie-promise@2.0.1
63 silly idealTree ├── pinkie@2.0.4
63 silly idealTree ├── process-nextick-args@1.0.7
63 silly idealTree ├── proxy-addr@1.1.2
63 silly idealTree ├── qs@6.2.0
63 silly idealTree ├── range-parser@1.2.0
63 silly idealTree ├── raw-body@2.1.7
63 silly idealTree ├── readable-stream@1.1.14
63 silly idealTree ├── regexp-clone@0.0.1
63 silly idealTree ├── repeating@1.1.3
63 silly idealTree ├─┬ request@2.72.0
63 silly idealTree │ └── qs@6.1.0
63 silly idealTree ├── require_optional@1.0.0
63 silly idealTree ├── resolve-from@2.0.0
63 silly idealTree ├── semver@5.2.0
63 silly idealTree ├── send@0.14.1
63 silly idealTree ├── serve-favicon@2.3.0
63 silly idealTree ├── serve-static@1.11.1
63 silly idealTree ├── setprototypeof@1.0.1
63 silly idealTree ├── sliced@1.0.1
63 silly idealTree ├── sntp@1.0.9
63 silly idealTree ├─┬ socket.io-adapter@0.4.0
63 silly idealTree │ └─┬ socket.io-parser@2.2.2
63 silly idealTree │   └── debug@0.7.4
63 silly idealTree ├─┬ socket.io-client@1.4.8
63 silly idealTree │ └── component-emitter@1.2.0
63 silly idealTree ├─┬ socket.io-parser@2.2.6
63 silly idealTree │ └── json3@3.3.2
63 silly idealTree ├── socket.io@1.4.8
63 silly idealTree ├─┬ sshpk@1.8.3
63 silly idealTree │ └── assert-plus@1.0.0
63 silly idealTree ├── statuses@1.3.0
63 silly idealTree ├── string_decoder@0.10.31
63 silly idealTree ├── stringstream@0.0.5
63 silly idealTree ├── strip-ansi@3.0.1
63 silly idealTree ├── supports-color@2.0.0
63 silly idealTree ├── to-array@0.1.4
63 silly idealTree ├── topo@1.1.0
63 silly idealTree ├── tough-cookie@2.2.2
63 silly idealTree ├── tunnel-agent@0.4.3
63 silly idealTree ├── tweetnacl@0.13.3
63 silly idealTree ├── type-is@1.6.13
63 silly idealTree ├── typedarray@0.0.6
63 silly idealTree ├── ultron@1.0.2
63 silly idealTree ├── unpipe@1.0.0
63 silly idealTree ├── utf8@2.1.0
63 silly idealTree ├── util-deprecate@1.0.2
63 silly idealTree ├── utils-merge@1.0.0
63 silly idealTree ├── uuid@2.0.2
63 silly idealTree ├── vary@1.1.0
63 silly idealTree ├── verror@1.3.6
63 silly idealTree ├── ws@1.1.0
63 silly idealTree ├── xmlhttprequest-ssl@1.5.1
63 silly idealTree ├── xtend@4.0.1
63 silly idealTree └── yeast@0.1.2
64 silly generateActionsToTake Starting
65 silly install generateActionsToTake
66 silly generateActionsToTake Finishing
67 silly diffTrees action count 1
68 silly diffTrees add uuid@2.0.2
69 silly decomposeActions action count 8
70 silly decomposeActions fetch uuid@2.0.2
71 silly decomposeActions extract uuid@2.0.2
72 silly decomposeActions test uuid@2.0.2
73 silly decomposeActions preinstall uuid@2.0.2
74 silly decomposeActions build uuid@2.0.2
75 silly decomposeActions install uuid@2.0.2
76 silly decomposeActions postinstall uuid@2.0.2
77 silly decomposeActions finalize uuid@2.0.2
78 silly executeActions Starting
79 silly install executeActions
80 silly doSerial global-install 0
81 silly doParallel fetch 1
82 verbose correctMkdir /Users/ymoregola/.npm/_locks correctMkdir not in flight; initializing
83 verbose lock using /Users/ymoregola/.npm/_locks/staging-487282988829b73c.lock for /Users/ymoregola/temp/giphman/node_modules/.staging
84 silly doParallel extract 1
85 silly extract uuid@2.0.2
86 verbose unbuild node_modules/.staging/uuid-c72c346c
87 silly gentlyRm /Users/ymoregola/temp/giphman/node_modules/.staging/uuid-c72c346c is being purged from base /Users/ymoregola/temp/giphman
88 verbose gentlyRm don't care about contents; nuking /Users/ymoregola/temp/giphman/node_modules/.staging/uuid-c72c346c
89 verbose tar unpack /Users/ymoregola/.npm/uuid/2.0.2/package.tgz
90 verbose tar unpacking to /Users/ymoregola/temp/giphman/node_modules/.staging/uuid-c72c346c
91 silly gentlyRm /Users/ymoregola/temp/giphman/node_modules/.staging/uuid-c72c346c is being purged
92 verbose gentlyRm don't care about contents; nuking /Users/ymoregola/temp/giphman/node_modules/.staging/uuid-c72c346c
93 silly gunzTarPerm modes [ '755', '644' ]
94 silly gunzTarPerm extractEntry package.json
95 silly gunzTarPerm extractEntry .npmignore
96 silly gunzTarPerm extractEntry README.md
97 silly gunzTarPerm extractEntry rng.js
98 silly gunzTarPerm extractEntry rng-browser.js
99 silly gunzTarPerm extractEntry uuid.js
100 silly gunzTarPerm extractEntry .travis.yml
101 silly gunzTarPerm extractEntry benchmark/package.json
102 silly gunzTarPerm extractEntry benchmark/README.md
103 silly gunzTarPerm extractEntry benchmark/benchmark.js
104 silly gunzTarPerm extractEntry benchmark/bench.gnu
105 silly gunzTarPerm extractEntry benchmark/bench.sh
106 silly gunzTarPerm extractEntry benchmark/benchmark-native.c
107 silly gunzTarPerm extractEntry LICENSE.md
108 silly gunzTarPerm extractEntry test/test.js
109 silly gunzTarPerm extractEntry test/mocha.opts
110 silly gunzTarPerm extractEntry misc/compare.js
111 silly gunzTarPerm extractEntry misc/perf.js
112 silly gentlyRm /Users/ymoregola/temp/giphman/node_modules/.staging/uuid-c72c346c/node_modules is being purged
113 verbose gentlyRm don't care about contents; nuking /Users/ymoregola/temp/giphman/node_modules/.staging/uuid-c72c346c/node_modules
114 silly doParallel preinstall 1
115 silly preinstall uuid@2.0.2 /Users/ymoregola/temp/giphman/node_modules/.staging/uuid-c72c346c
116 info lifecycle uuid@2.0.2~preinstall: uuid@2.0.2
117 silly lifecycle uuid@2.0.2~preinstall: no script for preinstall, continuing
118 silly doReverseSerial remove 0
119 silly doSerial move 0
120 silly doSerial finalize 1
121 silly finalize /Users/ymoregola/temp/giphman/node_modules/uuid
122 silly doSerial build 1
123 silly build uuid@2.0.2
124 info linkStuff uuid@2.0.2
125 silly linkStuff uuid@2.0.2 has /Users/ymoregola/temp/giphman/node_modules as its parent node_modules
126 verbose linkBins uuid@2.0.2
127 verbose linkMans uuid@2.0.2
128 silly doSerial global-link 0
129 silly doParallel update-linked 0
130 silly doSerial install 1
131 silly install uuid@2.0.2 /Users/ymoregola/temp/giphman/node_modules/.staging/uuid-c72c346c
132 info lifecycle uuid@2.0.2~install: uuid@2.0.2
133 silly lifecycle uuid@2.0.2~install: no script for install, continuing
134 silly doSerial postinstall 1
135 silly postinstall uuid@2.0.2 /Users/ymoregola/temp/giphman/node_modules/.staging/uuid-c72c346c
136 info lifecycle uuid@2.0.2~postinstall: uuid@2.0.2
137 silly lifecycle uuid@2.0.2~postinstall: no script for postinstall, continuing
138 verbose unlock done using /Users/ymoregola/.npm/_locks/staging-487282988829b73c.lock for /Users/ymoregola/temp/giphman/node_modules/.staging
139 silly executeActions Finishing
140 silly rollbackFailedOptional Starting
141 silly rollbackFailedOptional Finishing
142 silly runTopLevelLifecycles Starting
143 silly install runTopLevelLifecycles
144 silly preinstall fullstack-template@1.0.0 /Users/ymoregola/temp/giphman/fullstack-template-c9e22182
145 info lifecycle fullstack-template@1.0.0~preinstall: fullstack-template@1.0.0
146 silly lifecycle fullstack-template@1.0.0~preinstall: no script for preinstall, continuing
147 silly build fullstack-template@1.0.0
148 info linkStuff fullstack-template@1.0.0
149 silly linkStuff fullstack-template@1.0.0 has /Users/ymoregola/temp as its parent node_modules
150 verbose linkBins fullstack-template@1.0.0
151 verbose linkMans fullstack-template@1.0.0
152 silly install fullstack-template@1.0.0 /Users/ymoregola/temp/giphman/fullstack-template-c9e22182
153 info lifecycle fullstack-template@1.0.0~install: fullstack-template@1.0.0
154 silly lifecycle fullstack-template@1.0.0~install: no script for install, continuing
155 silly postinstall fullstack-template@1.0.0 /Users/ymoregola/temp/giphman/fullstack-template-c9e22182
156 info lifecycle fullstack-template@1.0.0~postinstall: fullstack-template@1.0.0
157 verbose lifecycle fullstack-template@1.0.0~postinstall: unsafe-perm in lifecycle true
158 verbose lifecycle fullstack-template@1.0.0~postinstall: PATH: /Users/ymoregola/.nvm/versions/node/v6.2.1/lib/node_modules/npm/bin/node-gyp-bin:/Users/ymoregola/temp/giphman/node_modules/.bin:/Users/ymoregola/.nvm/versions/node/v6.2.1/bin:/Users/ymoregola/.nvm/versions/node/v6.2.1/bin:/Users/ymoregola/.rvm/gems/ruby-2.2.1/bin:/Users/ymoregola/.rvm/gems/ruby-2.2.1@global/bin:/Users/ymoregola/.rvm/rubies/ruby-2.2.1/bin:/usr/local/bin:/usr/bin:/bin:/usr/sbin:/sbin:/usr/local/git/bin:/Users/ymoregola/.rvm/bin:/usr/local/mysql/bin:/Users/ymoregola/.rvm/bin:/Users/ymoregola/.rvm/bin
159 verbose lifecycle fullstack-template@1.0.0~postinstall: CWD: /Users/ymoregola/temp/giphman
160 silly lifecycle fullstack-template@1.0.0~postinstall: Args: [ '-c', 'bower i' ]
161 silly lifecycle fullstack-template@1.0.0~postinstall: Returned: code: 1  signal: null
162 info lifecycle fullstack-template@1.0.0~postinstall: Failed to exec postinstall script
163 warn fullstack-template@1.0.0 No description
164 warn fullstack-template@1.0.0 No repository field.
165 verbose stack Error: fullstack-template@1.0.0 postinstall: `bower i`
165 verbose stack Exit status 1
165 verbose stack     at EventEmitter.<anonymous> (/Users/ymoregola/.nvm/versions/node/v6.2.1/lib/node_modules/npm/lib/utils/lifecycle.js:245:16)
165 verbose stack     at emitTwo (events.js:106:13)
165 verbose stack     at EventEmitter.emit (events.js:191:7)
165 verbose stack     at ChildProcess.<anonymous> (/Users/ymoregola/.nvm/versions/node/v6.2.1/lib/node_modules/npm/lib/utils/spawn.js:24:14)
165 verbose stack     at emitTwo (events.js:106:13)
165 verbose stack     at ChildProcess.emit (events.js:191:7)
165 verbose stack     at maybeClose (internal/child_process.js:852:16)
165 verbose stack     at Process.ChildProcess._handle.onexit (internal/child_process.js:215:5)
166 verbose pkgid fullstack-template@1.0.0
167 verbose cwd /Users/ymoregola/temp/giphman
168 error Darwin 14.5.0
169 error argv "/Users/ymoregola/.nvm/versions/node/v6.2.1/bin/node" "/Users/ymoregola/.nvm/versions/node/v6.2.1/bin/npm" "i"
170 error node v6.2.1
171 error npm  v3.9.3
172 error code ELIFECYCLE
173 error fullstack-template@1.0.0 postinstall: `bower i`
173 error Exit status 1
174 error Failed at the fullstack-template@1.0.0 postinstall script 'bower i'.
174 error Make sure you have the latest version of node.js and npm installed.
174 error If you do, this is most likely a problem with the fullstack-template package,
174 error not with npm itself.
174 error Tell the author that this fails on your system:
174 error     bower i
174 error You can get information on how to open an issue for this project with:
174 error     npm bugs fullstack-template
174 error Or if that isn't available, you can get their info via:
174 error     npm owner ls fullstack-template
174 error There is likely additional logging output above.
175 verbose exit [ 1, true ]
